11/Oct/2021 15:40:06 [INFO] root: Class name: User Login Web App View - Error = Expecting value: line 1 column 1 (char 0):
11/Oct/2021 15:40:06 [INFO] root: Traceback (most recent call last):
  File "/home/jiffy/PycharmProjects/assignment/project/webapp/candidate/views.py", line 25, in show_candidate
    data = json.loads(resp.content)
  File "/usr/lib/python3.8/json/__init__.py", line 357, in loads
    return _default_decoder.decode(s)
  File "/usr/lib/python3.8/json/decoder.py", line 337, in decode
    obj, end = self.raw_decode(s, idx=_w(s, 0).end())
  File "/usr/lib/python3.8/json/decoder.py", line 355, in raw_decode
    raise JSONDecodeError("Expecting value", s, err.value) from None
json.decoder.JSONDecodeError: Expecting value: line 1 column 1 (char 0)

11/Oct/2021 15:40:32 [INFO] root: Class name: User Login Web App View - Error = Expecting value: line 1 column 1 (char 0):
11/Oct/2021 15:40:32 [INFO] root: Traceback (most recent call last):
  File "/home/jiffy/PycharmProjects/assignment/project/webapp/candidate/views.py", line 27, in show_candidate
    data = json.loads(resp.content)
  File "/usr/lib/python3.8/json/__init__.py", line 357, in loads
    return _default_decoder.decode(s)
  File "/usr/lib/python3.8/json/decoder.py", line 337, in decode
    obj, end = self.raw_decode(s, idx=_w(s, 0).end())
  File "/usr/lib/python3.8/json/decoder.py", line 355, in raw_decode
    raise JSONDecodeError("Expecting value", s, err.value) from None
json.decoder.JSONDecodeError: Expecting value: line 1 column 1 (char 0)

